[17:11:33] Command: --kingdom Bacteria --usegenus --genus Bacteroides --outdir reference_strain --prefix ATCC.8492 --cpus 12 ATCC.8492.fna
[17:11:33] Looking for 'aragorn' - found /opt/anaconda3/bin/aragorn
[17:11:34] Determined aragorn version is 1.2
[17:11:34] Looking for 'barrnap' - found /opt/anaconda3/bin/barrnap
[17:11:34] Determined barrnap version is 0.9
[17:11:34] Looking for 'blastp' - found /opt/anaconda3/bin/blastp
[17:11:34] Determined blastp version is 2.6
[17:11:34] Looking for 'cmpress' - found /opt/anaconda3/bin/cmpress
[17:11:35] Determined cmpress version is 1.1
[17:11:35] Looking for 'cmscan' - found /opt/anaconda3/bin/cmscan
[17:11:35] Determined cmscan version is 1.1
[17:11:35] Looking for 'egrep' - found /usr/bin/egrep
[17:11:35] Looking for 'find' - found /usr/bin/find
[17:11:35] Looking for 'grep' - found /usr/bin/grep
[17:11:35] Looking for 'hmmpress' - found /opt/anaconda3/bin/hmmpress
[17:11:35] Determined hmmpress version is 3.3
[17:11:35] Looking for 'hmmscan' - found /opt/anaconda3/bin/hmmscan
[17:11:36] Determined hmmscan version is 3.3
[17:11:36] Looking for 'less' - found /usr/bin/less
[17:11:36] Looking for 'makeblastdb' - found /opt/anaconda3/bin/makeblastdb
[17:11:37] Determined makeblastdb version is 2.6
[17:11:37] Looking for 'minced' - found /opt/anaconda3/bin/minced
[17:11:37] Determined minced version is 4.2
[17:11:37] Looking for 'parallel' - found /opt/anaconda3/bin/parallel
[17:11:37] Determined parallel version is 20220222
[17:11:37] Looking for 'prodigal' - found /opt/anaconda3/bin/prodigal
[17:11:37] Determined prodigal version is 2.6
[17:11:37] Looking for 'prokka-genbank_to_fasta_db' - found /opt/anaconda3/bin/prokka-genbank_to_fasta_db
[17:11:38] Looking for 'sed' - found /usr/bin/sed
[17:11:38] Looking for 'tbl2asn' - found /opt/anaconda3/bin/tbl2asn
[17:11:38] Determined tbl2asn version is 25.8
[17:11:38] Using genetic code table 11.
[17:11:38] Loading and checking input file: ATCC.8492.fna
[17:11:38] Wrote 33 contigs
[17:11:38] Predicting tRNAs and tmRNAs
[17:11:38] Running: aragorn -gc11  -w reference_strain\/ATCC\.8492\.fna
[17:11:40] 1 tRNA-Asp [174943,175017] 35 (gtc)
[17:11:40] 2 tRNA-Cys c[228405,228477] 34 (gca)
[17:11:40] 3 tRNA-His [241275,241349] 35 (gtg)
[17:11:40] 4 tRNA-Ser c[307254,307339] 35 (tga)
[17:11:40] 5 tRNA-Ser c[321622,321710] 35 (gga)
[17:11:40] 6 tRNA-Ser c[327778,327863] 35 (tga)
[17:11:40] 1 tRNA-Leu [52138,52220] 35 (tag)
[17:11:40] 2 tRNA-Glu [127465,127537] 34 (ttc)
[17:11:40] 3 tRNA-Asn [236211,236285] 35 (gtt)
[17:11:40] 4 tRNA-Arg c[291945,292017] 34 (cct)
[17:11:40] 5 tRNA-Met [379496,379570] 35 (cat)
[17:11:40] 6 tRNA-Gln c[477873,477944] 33 (ttg)
[17:11:40] 1 tRNA-Val [31916,31991] 36 (tac)
[17:11:40] 2 tRNA-Val [32022,32097] 36 (tac)
[17:11:40] 1 tRNA-Arg c[48287,48361] 35 (tct)
[17:11:40] 2 tRNA-Gly c[153729,153802] 34 (ccc)
[17:11:40] 1 tRNA-Lys [18050,18125] 34 (ttt)
[17:11:40] 2 tRNA-Met [111635,111708] 34 (cat)
[17:11:40] 3 tRNA-Ala c[127472,127546] 35 (tgc)
[17:11:40] 4 tRNA-Ile c[127636,127710] 35 (gat)
[17:11:40] 5 tRNA-Phe [135500,135575] 34 (gaa)
[17:11:40] 1 tRNA-Thr c[23661,23734] 34 (cgt)
[17:11:40] 2 tRNA-Ser [103923,104012] 35 (gct)
[17:11:40] 3 tRNA-Lys [104016,104089] 34 (ctt)
[17:11:40] 4 tRNA-Glu [104104,104176] 34 (ctc)
[17:11:40] 5 tRNA-Lys c[148676,148749] 34 (ttt)
[17:11:40] 6 tRNA-Gly [287476,287549] 34 (gcc)
[17:11:40] 7 tRNA-Leu [287577,287661] 35 (cag)
[17:11:40] 8 tRNA-Leu [287702,287786] 35 (gag)
[17:11:40] 1 tRNA-Arg [211770,211844] 35 (acg)
[17:11:40] 2 tRNA-Arg [211867,211941] 35 (acg)
[17:11:40] 1 tRNA-Ser c[119436,119524] 35 (gga)
[17:11:40] 2 tRNA-Arg c[171492,171565] 34 (ccg)
[17:11:40] 1 tRNA-Thr [164271,164345] 35 (tgt)
[17:11:40] 1 tRNA-Ala c[150996,151070] 35 (ggc)
[17:11:40] 2 tRNA-Trp c[178867,178940] 34 (cca)
[17:11:40] 1 tRNA-Ala c[81,155] 35 (tgc)
[17:11:40] 2 tRNA-Ile c[245,319] 35 (gat)
[17:11:40] 3 tRNA-Trp c[67870,67943] 34 (cca)
[17:11:40] 4 tRNA-Thr c[69234,69306] 33 (ggt)
[17:11:40] 5 tRNA-Tyr c[69323,69406] 35 (gta)
[17:11:40] 6 tRNA-Thr c[69530,69604] 35 (tgt)
[17:11:40] 1 tRNA-Pro c[1012,1087] 36 (tgg)
[17:11:40] 2 tRNA-Lys [24137,24210] 34 (ctt)
[17:11:40] 1 tRNA-Phe [67293,67366] 34 (gaa)
[17:11:40] 2 tRNA-Pro [67381,67454] 34 (cgg)
[17:11:40] 3 tRNA-Leu c[84339,84423] 34 (taa)
[17:11:40] 4 tRNA-Gly c[84443,84516] 34 (gcc)
[17:11:40] 1 tRNA-Met c[17558,17632] 35 (cat)
[17:11:40] 1 tRNA-Asp c[18535,18609] 35 (gtc)
[17:11:40] 1 tRNA-Leu [29268,29352] 35 (caa)
[17:11:40] 1 tRNA-Tyr [31498,31581] 35 (gta)
[17:11:40] 2 tRNA-Gly [31590,31663] 34 (tcc)
[17:11:40] 3 tRNA-Gln c[272026,272097] 33 (ctg)
[17:11:40] 4 tRNA-Pro [309903,309977] 35 (ggg)
[17:11:40] Found 55 tRNAs
[17:11:40] Predicting Ribosomal RNAs
[17:11:40] Running Barrnap with 6 threads
[17:11:43] 1 NZ_DS362231.1 40881 16S ribosomal RNA
[17:11:43] 2 NZ_DS362238.1 456 16S ribosomal RNA
[17:11:43] 3 NZ_DS362240.1 710 5S ribosomal RNA
[17:11:43] 4 NZ_DS362243.1 6 23S ribosomal RNA (partial)
[17:11:43] 5 NZ_DS362243.1 1473 5S ribosomal RNA
[17:11:43] 6 NZ_DS362245.1 124300 5S ribosomal RNA
[17:11:43] 7 NZ_DS362245.1 124485 23S ribosomal RNA
[17:11:43] 8 NZ_DS362245.1 127847 16S ribosomal RNA
[17:11:43] 9 NZ_DS362247.1 740 5S ribosomal RNA
[17:11:43] 10 NZ_DS362249.1 76 16S ribosomal RNA
[17:11:43] Found 10 rRNAs
[17:11:43] Skipping ncRNA search, enable with --rfam if desired.
[17:11:43] Total of 65 tRNA + rRNA features
[17:11:43] Searching for CRISPR repeats
[17:11:44] Found 0 CRISPRs
[17:11:44] Predicting coding sequences
[17:11:44] Contigs total 4719097 bp, so using single mode
[17:11:44] Running: prodigal -i reference_strain\/ATCC\.8492\.fna -c -m -g 11 -p single -f sco -q
[17:11:57] Excluding CDS which overlaps existing RNA (tRNA) at NZ_DS362249.1:228318..228458 on + strand
[17:11:58] Excluding CDS which overlaps existing RNA (tRNA) at NZ_DS362245.1:135404..135649 on - strand
[17:11:59] Excluding CDS which overlaps existing RNA (tRNA) at NZ_DS362242.1:119429..119626 on - strand
[17:11:59] Excluding CDS which overlaps existing RNA (tRNA) at NZ_DS362242.1:171384..171539 on + strand
[17:11:59] Excluding CDS which overlaps existing RNA (tRNA) at NZ_DS362240.1:178842..178985 on + strand
[17:11:59] Excluding CDS which overlaps existing RNA (tRNA) at NZ_DS362237.1:933..1148 on - strand
[17:12:00] Found 3877 CDS
[17:12:00] Connecting features back to sequences
[17:12:00] Skipping genus-specific proteins as can't see /opt/anaconda3/bin/../db/Bacteroides
[17:12:00] Annotating CDS, please be patient.
[17:12:00] Will use 6 CPUs for similarity searching.
[17:12:01] There are still 3877 unannotated CDS left (started with 3877)
[17:12:01] Will use blast to search against /opt/anaconda3/bin/../db/kingdom/Bacteria/sprot with 6 CPUs
[17:12:01] Running: cat reference_strain\/sprot\.faa | parallel --gnu --plain -j 6 --block 120166 --recstart '>' --pipe blastp -query - -db /opt/anaconda3/bin/../db/kingdom/Bacteria/sprot -evalue 1e-06 -num_threads 1 -num_descriptions 1 -num_alignments 1 -seg no > reference_strain\/sprot\.blast 2> /dev/null
[17:13:36] Modify product: Probable siderophore transport system ATP-binding protein YusV => putative siderophore transport system ATP-binding protein YusV
[17:13:36] Modify product: Probable propionyl-CoA carboxylase beta chain 5 => putative propionyl-CoA carboxylase beta chain 5
[17:13:36] Modify product: Probable siderophore transport system ATP-binding protein YusV => putative siderophore transport system ATP-binding protein YusV
[17:13:36] Modify product: Probable undecaprenyl-phosphate N-acetylglucosaminyl 1-phosphate transferase => putative undecaprenyl-phosphate N-acetylglucosaminyl 1-phosphate transferase
[17:13:36] Modify product: DNA repair protein RadA homolog => hypothetical protein
[17:13:36] Modify product: Uncharacterized protease YhbU precursor => putative protease YhbU precursor
[17:13:36] Modify product: Uncharacterized ABC transporter ATP-binding protein YheS => putative ABC transporter ATP-binding protein YheS
[17:13:36] Modify product: Probable undecaprenyl-phosphate N-acetylglucosaminyl 1-phosphate transferase => putative undecaprenyl-phosphate N-acetylglucosaminyl 1-phosphate transferase
[17:13:37] Modify product: Uncharacterized ABC transporter ATP-binding protein YxlF => putative ABC transporter ATP-binding protein YxlF
[17:13:37] Modify product: Putative glutamine amidotransferase Rv2859c => Putative glutamine amidotransferase
[17:13:37] Modify product: Probable undecaprenyl-phosphate N-acetylglucosaminyl 1-phosphate transferase => putative undecaprenyl-phosphate N-acetylglucosaminyl 1-phosphate transferase
[17:13:37] Modify product: Uncharacterized glycosyltransferase EpsJ => putative glycosyltransferase EpsJ
[17:13:37] Modify product: Uncharacterized ABC transporter permease YknZ => putative ABC transporter permease YknZ
[17:13:37] Modify product: Uncharacterized ABC transporter permease YknZ => putative ABC transporter permease YknZ
[17:13:37] Modify product: Uncharacterized ABC transporter ATP-binding protein YheS => putative ABC transporter ATP-binding protein YheS
[17:13:37] Modify product: Uncharacterized oxidoreductase MSMEG_2408/MSMEI_2347 => putative oxidoreductase/MSMEI_2347
[17:13:37] Modify product: Probable nicotinate-nucleotide pyrophosphorylase [carboxylating] => putative nicotinate-nucleotide pyrophosphorylase [carboxylating]
[17:13:37] Modify product: Phosphate-specific transport system accessory protein PhoU homolog => hypothetical protein
[17:13:37] Modify product: Probable thiol peroxidase => putative thiol peroxidase
[17:13:37] Modify product: Uncharacterized glycosyltransferase EpsJ => putative glycosyltransferase EpsJ
[17:13:37] Modify product: Uncharacterized epimerase/dehydratase SAV0553 => putative epimerase/dehydratase
[17:13:37] Modify product: Putative phosphatase M6_Spy0533 => Putative phosphatase
[17:13:37] Modify product: Uncharacterized sugar kinase YdjH => putative sugar kinase YdjH
[17:13:37] Modify product: Transcription termination factor Rho => hypothetical protein
[17:13:37] Modify product: Bifunctional protein FolD => Bifunctional protein FolD protein
[17:13:37] Modify product: Uncharacterized oxidoreductase UxuB => putative oxidoreductase UxuB
[17:13:37] Modify product: Uncharacterized ABC transporter ATP-binding protein YxlF => putative ABC transporter ATP-binding protein YxlF
[17:13:37] Modify product: N utilization substance protein B homolog => hypothetical protein
[17:13:37] Modify product: Uncharacterized ABC transporter ATP-binding protein YheS => putative ABC transporter ATP-binding protein YheS
[17:13:37] Modify product: Uncharacterized glycosyltransferase EpsJ => putative glycosyltransferase EpsJ
[17:13:37] Modify product: Probable lipoprotein YiaD precursor => putative lipoprotein YiaD precursor
[17:13:37] Modify product: Uncharacterized ABC transporter ATP-binding protein HI_1252 => putative ABC transporter ATP-binding protein
[17:13:37] Modify product: Iron-sulfur flavoprotein CD630_04720 => Iron-sulfur flavoprotein
[17:13:37] Modify product: Probable metallo-hydrolase M6_Spy0554 => putative metallo-hydrolase
[17:13:37] Modify product: PGL/p-HBAD biosynthesis glycosyltransferase Rv2957/MT3031 => PGL/p-HBAD biosynthesis glycosyltransferase/MT3031
[17:13:37] Modify product: Probable undecaprenyl-phosphate N-acetylglucosaminyl 1-phosphate transferase => putative undecaprenyl-phosphate N-acetylglucosaminyl 1-phosphate transferase
[17:13:37] Modify product: Probable transcriptional regulatory protein Cj1172c => putative transcriptional regulatory protein
[17:13:37] Modify product: Probable HTH-type transcriptional repressor ExuR => putative HTH-type transcriptional repressor ExuR
[17:13:37] Modify product: Uncharacterized glycosyltransferase EpsJ => putative glycosyltransferase EpsJ
[17:13:37] Modify product: Uncharacterized glycosyltransferase EpsJ => putative glycosyltransferase EpsJ
[17:13:37] Modify product: Uncharacterized glycosyltransferase EpsJ => putative glycosyltransferase EpsJ
[17:13:37] Modify product: Uncharacterized glycosyltransferase EpsJ => putative glycosyltransferase EpsJ
[17:13:37] Modify product: Uncharacterized zinc-type alcohol dehydrogenase-like protein YjmD => putative zinc-type alcohol dehydrogenase-like protein YjmD
[17:13:37] Modify product: Putative acetyltransferase SA2342 => Putative acetyltransferase
[17:13:37] Modify product: Probable murein peptide carboxypeptidase => putative murein peptide carboxypeptidase
[17:13:38] Modify product: Probable CtpA-like serine protease => putative CtpA-like serine protease
[17:13:38] Modify product: Uncharacterized sugar kinase YdjH => putative sugar kinase YdjH
[17:13:38] Modify product: Probable ATP-dependent helicase DinG homolog => hypothetical protein
[17:13:38] Modify product: Putative O-methyltransferase MSMEG_5073/MSMEI_4947 => Putative O-methyltransferase/MSMEI_4947
[17:13:38] Modify product: PGL/p-HBAD biosynthesis glycosyltransferase Rv2957/MT3031 => PGL/p-HBAD biosynthesis glycosyltransferase/MT3031
[17:13:38] Modify product: Uncharacterized protease YhbU precursor => putative protease YhbU precursor
[17:13:38] Modify product: Uncharacterized deoxyribonuclease YcfH => putative deoxyribonuclease YcfH
[17:13:38] Modify product: Probable phospholipid ABC transporter permease protein MlaE => putative phospholipid ABC transporter permease protein MlaE
[17:13:38] Modify product: Putative acetyltransferase SA2342 => Putative acetyltransferase
[17:13:38] Modify product: Uncharacterized oxidoreductase YvaA => putative oxidoreductase YvaA
[17:13:38] Modify product: Tricorn protease homolog 1 => hypothetical protein
[17:13:38] Modify product: Uncharacterized glycosyltransferase EpsJ => putative glycosyltransferase EpsJ
[17:13:38] Modify product: Uncharacterized sugar transferase EpsL => putative sugar transferase EpsL
[17:13:38] Modify product: Probable multidrug resistance protein EmrK => putative multidrug resistance protein EmrK
[17:13:38] Modify product: Uncharacterized ABC transporter ATP-binding protein YbhF => putative ABC transporter ATP-binding protein YbhF
[17:13:38] Modify product: Uncharacterized ABC transporter ATP-binding protein YbbL => putative ABC transporter ATP-binding protein YbbL
[17:13:38] Modify product: Uncharacterized ABC transporter ATP-binding protein Rv0073/MT0079 => putative ABC transporter ATP-binding protein/MT0079
[17:13:38] Modify product: O-GlcNAcase BT_4395 precursor => O-GlcNAcase precursor
[17:13:38] Modify product: Putative zinc metalloprotease aq_1964 => Putative zinc metalloprotease
[17:13:38] Modify product: Uncharacterized metallophosphoesterase Cj0846 => putative metallophosphoesterase
[17:13:38] Modify product: Uncharacterized ABC transporter ATP-binding protein YheS => putative ABC transporter ATP-binding protein YheS
[17:13:38] Modify product: Uncharacterized deoxyribonuclease YcfH => putative deoxyribonuclease YcfH
[17:13:38] Modify product: Uncharacterized glycosyltransferase YkoT => putative glycosyltransferase YkoT
[17:13:38] Modify product: Uncharacterized N-acetyltransferase YafP => putative N-acetyltransferase YafP
[17:13:38] Modify product: Probable dipeptide and tripeptide permease YjdL => putative dipeptide and tripeptide permease YjdL
[17:13:38] Modify product: Uncharacterized oxidoreductase MSMEG_2407/MSMEI_2346 => putative oxidoreductase/MSMEI_2346
[17:13:38] Modify product: NADH dehydrogenase-like protein SAV0941 => NADH dehydrogenase-like protein
[17:13:38] Modify product: Probable adenylyltransferase/sulfurtransferase MoeZ => putative adenylyltransferase/sulfurtransferase MoeZ
[17:13:38] Modify product: Probable chromate transport protein => putative chromate transport protein
[17:13:38] Modify product: Probable amino-acid metabolite efflux pump => putative amino-acid metabolite efflux pump
[17:13:38] Modify product: Uncharacterized lipoprotein YbbD precursor => putative lipoprotein YbbD precursor
[17:13:38] Modify product: Uncharacterized lipoprotein YbbD precursor => putative lipoprotein YbbD precursor
[17:13:38] Modify product: Conserved virulence factor B => hypothetical protein
[17:13:38] Modify product: Probable 5-formyltetrahydrofolate cyclo-ligase => putative 5-formyltetrahydrofolate cyclo-ligase
[17:13:38] Modify product: Probable metabolite transport protein CsbC => putative metabolite transport protein CsbC
[17:13:38] Modify product: Anaerobic sulfatase-maturating enzyme homolog YdeM => hypothetical protein
[17:13:38] Modify product: Probable GTPase Rv1496/MT1543 => putative GTPase/MT1543
[17:13:38] Modify product: Probable chromosome-partitioning protein ParB => putative chromosome-partitioning protein ParB
[17:13:39] Modify product: Tricorn protease homolog 1 => hypothetical protein
[17:13:39] Modify product: Probable copper-transporting ATPase PacS => putative copper-transporting ATPase PacS
[17:13:39] Modify product: Uncharacterized amino acid permease YhdG => putative amino acid permease YhdG
[17:13:39] Modify product: Uncharacterized FAD-linked oxidoreductase Rv2280 => putative FAD-linked oxidoreductase
[17:13:39] Modify product: Transcription termination/antitermination protein NusA => hypothetical protein
[17:13:39] Modify product: Probable ATP-dependent transporter SufC => putative ATP-dependent transporter SufC
[17:13:39] Modify product: HIT-like protein HI_0961 => HIT-like protein
[17:13:39] Modify product: Uncharacterized oxidoreductase SAV2478 => putative oxidoreductase
[17:13:39] Modify product: Probable enoyl-CoA hydratase 1 => putative enoyl-CoA hydratase 1
[17:13:39] Modify product: Uncharacterized N-acetyltransferase YvbK => putative N-acetyltransferase YvbK
[17:13:39] Modify product: Uncharacterized N-acetyltransferase YjaB => putative N-acetyltransferase YjaB
[17:13:39] Modify product: Probable quorum-quenching lactonase YtnP => putative quorum-quenching lactonase YtnP
[17:13:39] Modify product: Probable CtpA-like serine protease => putative CtpA-like serine protease
[17:13:39] Modify product: Probable transcriptional regulatory protein NarL => putative transcriptional regulatory protein NarL
[17:13:39] Modify product: Uncharacterized glycosyltransferase EpsJ => putative glycosyltransferase EpsJ
[17:13:39] Modify product: Uncharacterized glycosyltransferase EpsJ => putative glycosyltransferase EpsJ
[17:13:39] Modify product: Uncharacterized oxidoreductase UxuB => putative oxidoreductase UxuB
[17:13:39] Modify product: Uncharacterized sugar kinase YdjH => putative sugar kinase YdjH
[17:13:39] Modify product: Transcription termination/antitermination protein NusG => hypothetical protein
[17:13:39] Modify product: Uncharacterized peptidase SA1530 => putative peptidase
[17:13:39] Modify product: Probable adenylyl-sulfate kinase => putative adenylyl-sulfate kinase
[17:13:39] Modify product: Probable mannose-6-phosphate isomerase GmuF => putative mannose-6-phosphate isomerase GmuF
[17:13:39] Modify product: Uncharacterized metallophosphoesterase Cj0846 => putative metallophosphoesterase
[17:13:39] Modify product: Uncharacterized ABC transporter ATP-binding protein YjjK => putative ABC transporter ATP-binding protein YjjK
[17:13:39] Modify product: Probable A/G-specific adenine glycosylase YfhQ => putative A/G-specific adenine glycosylase YfhQ
[17:13:39] Modify product: Probable propionyl-CoA carboxylase beta chain 5 => putative propionyl-CoA carboxylase beta chain 5
[17:13:39] Modify product: Probable manganese efflux pump MntP => putative manganese efflux pump MntP
[17:13:39] Modify product: Probable type I restriction enzyme BthVORF4518P M protein => putative type I restriction enzymeP M protein
[17:13:39] Modify product: Probable type I restriction enzyme BthVORF4518P M protein => putative type I restriction enzymeP M protein
[17:13:39] Modify product: Probable chromate transport protein => putative chromate transport protein
[17:13:39] Modify product: Uncharacterized ABC transporter ATP-binding protein YlmA => putative ABC transporter ATP-binding protein YlmA
[17:13:39] Cleaned 114 /product names
[17:13:39] Deleting unwanted file: reference_strain/sprot.faa
[17:13:39] Deleting unwanted file: reference_strain/sprot.blast
[17:13:40] There are still 2075 unannotated CDS left (started with 3877)
[17:13:40] Will use hmmer3 to search against /opt/anaconda3/bin/../db/hmm/HAMAP.hmm with 6 CPUs
[17:13:40] Running: cat reference_strain\/HAMAP\.hmm\.faa | parallel --gnu --plain -j 6 --block 55593 --recstart '>' --pipe hmmscan --noali --notextw --acc -E 1e-06 --cpu 1 /opt/anaconda3/bin/../db/hmm/HAMAP.hmm /dev/stdin > reference_strain\/HAMAP\.hmm\.hmmer3 2> /dev/null
[17:14:21] Modify product: Transcription termination/antitermination protein NusG => hypothetical protein
[17:14:21] Modify product: Transcription termination/antitermination protein NusG => hypothetical protein
[17:14:23] Cleaned 2 /product names
[17:14:23] Deleting unwanted file: reference_strain/HAMAP.hmm.faa
[17:14:23] Deleting unwanted file: reference_strain/HAMAP.hmm.hmmer3
[17:14:23] Labelling remaining 1946 proteins as 'hypothetical protein'
[17:14:23] Possible /pseudo 'Thermostable beta-glucosidase B' at NZ_DS362249.1 position 313440
[17:14:23] Possible /pseudo 'ECF RNA polymerase sigma factor SigH' at NZ_DS362248.1 position 106827
[17:14:23] Possible /pseudo 'Arylsulfatase' at NZ_DS362248.1 position 219287
[17:14:23] Possible /pseudo 'Periplasmic beta-glucosidase precursor' at NZ_DS362248.1 position 283089
[17:14:23] Possible /pseudo 'FKBP-type 22 kDa peptidyl-prolyl cis-trans isomerase' at NZ_DS362248.1 position 377521
[17:14:23] Possible /pseudo 'Tyrosine recombinase XerD' at NZ_DS362246.1 position 179431
[17:14:23] Possible /pseudo 'Macrolide export ATP-binding/permease protein MacB' at NZ_DS362244.1 position 130987
[17:14:23] Possible /pseudo 'putative glycosyltransferase EpsJ' at NZ_DS362243.1 position 36297
[17:14:23] Possible /pseudo 'putative glycosyltransferase EpsJ' at NZ_DS362243.1 position 41140
[17:14:23] Possible /pseudo 'DNA-binding protein HU' at NZ_DS362243.1 position 188387
[17:14:23] Possible /pseudo 'putative type I restriction enzymeP M protein' at NZ_DS362241.1 position 196653
[17:14:23] Possible /pseudo 'Levanase precursor' at NZ_DS362240.1 position 56049
[17:14:23] Possible /pseudo 'Carbohydrate acetyl esterase/feruloyl esterase precursor' at NZ_DS362239.1 position 5688
[17:14:23] Possible /pseudo 'Inositol 2-dehydrogenase' at NZ_DS362239.1 position 40869
[17:14:23] Possible /pseudo 'Ribokinase' at NZ_DS362239.1 position 170644
[17:14:23] Possible /pseudo '2-iminoacetate synthase' at NZ_DS362236.1 position 5851
[17:14:23] Possible /pseudo 'putative lipoprotein YbbD precursor' at NZ_DS362234.1 position 50242
[17:14:23] Possible /pseudo 'Trifunctional nucleotide phosphoesterase protein YfkN precursor' at NZ_DS362234.1 position 54198
[17:14:23] Possible /pseudo 'Macrolide export ATP-binding/permease protein MacB' at NZ_DS362234.1 position 58267
[17:14:23] Possible /pseudo 'Macrolide export ATP-binding/permease protein MacB' at NZ_DS362234.1 position 59532
[17:14:23] Possible /pseudo 'Serine/threonine-protein kinase HipA' at NZ_DS362223.1 position 87929
[17:14:23] Possible /pseudo 'GMP synthase [glutamine-hydrolyzing]' at NZ_DS362220.1 position 18664
[17:14:23] Found 1271 unique /gene codes.
[17:14:23] Fixed 2 duplicate /gene - pgiA_1 pgiA_2
[17:14:23] Fixed 4 duplicate /gene - pfeA_1 pfeA_2 pfeA_3 pfeA_4
[17:14:23] Fixed 2 duplicate /gene - xynZ_1 xynZ_2
[17:14:23] Fixed 2 duplicate /gene - mgsA_1 mgsA_2
[17:14:23] Fixed 2 duplicate /gene - clcA_1 clcA_2
[17:14:23] Fixed 2 duplicate /gene - arbA_1 arbA_2
[17:14:23] Fixed 2 duplicate /gene - mltD_1 mltD_2
[17:14:23] Fixed 6 duplicate /gene - oprM_1 oprM_2 oprM_3 oprM_4 oprM_5 oprM_6
[17:14:23] Fixed 2 duplicate /gene - thiE_1 thiE_2
[17:14:23] Fixed 4 duplicate /gene - pglF_1 pglF_2 pglF_3 pglF_4
[17:14:23] Fixed 2 duplicate /gene - tolC_1 tolC_2
[17:14:23] Fixed 2 duplicate /gene - rafA_1 rafA_2
[17:14:23] Fixed 2 duplicate /gene - ybeZ_1 ybeZ_2
[17:14:23] Fixed 2 duplicate /gene - iolG_1 iolG_2
[17:14:23] Fixed 3 duplicate /gene - fcl_1 fcl_2 fcl_3
[17:14:23] Fixed 2 duplicate /gene - nylB_1 nylB_2
[17:14:23] Fixed 2 duplicate /gene - yvqK_1 yvqK_2
[17:14:23] Fixed 4 duplicate /gene - dnaG_1 dnaG_2 dnaG_3 dnaG_4
[17:14:23] Fixed 2 duplicate /gene - leuA_1 leuA_2
[17:14:23] Fixed 2 duplicate /gene - ybbD_1 ybbD_2
[17:14:23] Fixed 3 duplicate /gene - virB4_1 virB4_2 virB4_3
[17:14:23] Fixed 2 duplicate /gene - pta_1 pta_2
[17:14:23] Fixed 4 duplicate /gene - thiH_1 thiH_2 thiH_3 thiH_4
[17:14:23] Fixed 2 duplicate /gene - arnB_1 arnB_2
[17:14:23] Fixed 2 duplicate /gene - ybaL_1 ybaL_2
[17:14:23] Fixed 2 duplicate /gene - csxA_1 csxA_2
[17:14:23] Fixed 11 duplicate /gene - macB_1 macB_2 macB_3 macB_4 macB_5 macB_6 macB_7 macB_8 macB_9 macB_10 macB_11
[17:14:23] Fixed 2 duplicate /gene - accD5_1 accD5_2
[17:14:23] Fixed 2 duplicate /gene - virF_1 virF_2
[17:14:23] Fixed 2 duplicate /gene - cbh_1 cbh_2
[17:14:23] Fixed 2 duplicate /gene - korB_1 korB_2
[17:14:23] Fixed 3 duplicate /gene - rcsC_1 rcsC_2 rcsC_3
[17:14:23] Fixed 2 duplicate /gene - pflA_1 pflA_2
[17:14:23] Fixed 2 duplicate /gene - axeA1_1 axeA1_2
[17:14:23] Fixed 2 duplicate /gene - pgl_1 pgl_2
[17:14:23] Fixed 6 duplicate /gene - zraR_1 zraR_2 zraR_3 zraR_4 zraR_5 zraR_6
[17:14:23] Fixed 2 duplicate /gene - tilS_1 tilS_2
[17:14:23] Fixed 2 duplicate /gene - bamD_1 bamD_2
[17:14:23] Fixed 2 duplicate /gene - uxuB_1 uxuB_2
[17:14:23] Fixed 2 duplicate /gene - mngB_1 mngB_2
[17:14:23] Fixed 2 duplicate /gene - bepF_1 bepF_2
[17:14:23] Fixed 3 duplicate /gene - epsN_1 epsN_2 epsN_3
[17:14:23] Fixed 3 duplicate /gene - hmuU_1 hmuU_2 hmuU_3
[17:14:23] Fixed 2 duplicate /gene - bfce_1 bfce_2
[17:14:23] Fixed 2 duplicate /gene - alsT_1 alsT_2
[17:14:23] Fixed 2 duplicate /gene - pglC_1 pglC_2
[17:14:23] Fixed 3 duplicate /gene - malP_1 malP_2 malP_3
[17:14:23] Fixed 3 duplicate /gene - betC_1 betC_2 betC_3
[17:14:23] Fixed 2 duplicate /gene - topA_1 topA_2
[17:14:23] Fixed 3 duplicate /gene - araB_1 araB_2 araB_3
[17:14:23] Fixed 2 duplicate /gene - gyrA_1 gyrA_2
[17:14:23] Fixed 2 duplicate /gene - gcdC_1 gcdC_2
[17:14:23] Fixed 2 duplicate /gene - cat_1 cat_2
[17:14:23] Fixed 2 duplicate /gene - mprA_1 mprA_2
[17:14:23] Fixed 2 duplicate /gene - bioF_1 bioF_2
[17:14:23] Fixed 2 duplicate /gene - pleC_1 pleC_2
[17:14:23] Fixed 2 duplicate /gene - nucA_1 nucA_2
[17:14:23] Fixed 2 duplicate /gene - acpP_1 acpP_2
[17:14:23] Fixed 2 duplicate /gene - carB_1 carB_2
[17:14:23] Fixed 2 duplicate /gene - apbE_1 apbE_2
[17:14:23] Fixed 3 duplicate /gene - trxA_1 trxA_2 trxA_3
[17:14:23] Fixed 2 duplicate /gene - mtnN_1 mtnN_2
[17:14:23] Fixed 4 duplicate /gene - rssA_1 rssA_2 rssA_3 rssA_4
[17:14:23] Fixed 2 duplicate /gene - dusC_1 dusC_2
[17:14:23] Fixed 2 duplicate /gene - rny_1 rny_2
[17:14:23] Fixed 8 duplicate /gene - mepA_1 mepA_2 mepA_3 mepA_4 mepA_5 mepA_6 mepA_7 mepA_8
[17:14:23] Fixed 5 duplicate /gene - sigW_1 sigW_2 sigW_3 sigW_4 sigW_5
[17:14:23] Fixed 2 duplicate /gene - tuaD_1 tuaD_2
[17:14:23] Fixed 3 duplicate /gene - yfkN_1 yfkN_2 yfkN_3
[17:14:23] Fixed 3 duplicate /gene - recD2_1 recD2_2 recD2_3
[17:14:23] Fixed 3 duplicate /gene - degA_1 degA_2 degA_3
[17:14:23] Fixed 2 duplicate /gene - queA_1 queA_2
[17:14:23] Fixed 2 duplicate /gene - kduI_1 kduI_2
[17:14:23] Fixed 2 duplicate /gene - barA_1 barA_2
[17:14:23] Fixed 2 duplicate /gene - ce_1 ce_2
[17:14:23] Fixed 4 duplicate /gene - yheS_1 yheS_2 yheS_3 yheS_4
[17:14:23] Fixed 2 duplicate /gene - sigR_1 sigR_2
[17:14:23] Fixed 3 duplicate /gene - sacC_1 sacC_2 sacC_3
[17:14:23] Fixed 2 duplicate /gene - nfrA1_1 nfrA1_2
[17:14:23] Fixed 3 duplicate /gene - vatD_1 vatD_2 vatD_3
[17:14:23] Fixed 2 duplicate /gene - asnC_1 asnC_2
[17:14:23] Fixed 3 duplicate /gene - uxuA_1 uxuA_2 uxuA_3
[17:14:23] Fixed 2 duplicate /gene - ylaC_1 ylaC_2
[17:14:23] Fixed 2 duplicate /gene - pglD_1 pglD_2
[17:14:23] Fixed 3 duplicate /gene - ravA_1 ravA_2 ravA_3
[17:14:23] Fixed 2 duplicate /gene - ypdA_1 ypdA_2
[17:14:23] Fixed 2 duplicate /gene - bvgS_1 bvgS_2
[17:14:23] Fixed 6 duplicate /gene - luxQ_1 luxQ_2 luxQ_3 luxQ_4 luxQ_5 luxQ_6
[17:14:23] Fixed 4 duplicate /gene - fucP_1 fucP_2 fucP_3 fucP_4
[17:14:23] Fixed 3 duplicate /gene - mnmA_1 mnmA_2 mnmA_3
[17:14:23] Fixed 2 duplicate /gene - yycG_1 yycG_2
[17:14:23] Fixed 2 duplicate /gene - fusA_1 fusA_2
[17:14:23] Fixed 2 duplicate /gene - xsa_1 xsa_2
[17:14:23] Fixed 10 duplicate /gene - xerD_1 xerD_2 xerD_3 xerD_4 xerD_5 xerD_6 xerD_7 xerD_8 xerD_9 xerD_10
[17:14:23] Fixed 2 duplicate /gene - gpmA_1 gpmA_2
[17:14:23] Fixed 4 duplicate /gene - cirA_1 cirA_2 cirA_3 cirA_4
[17:14:23] Fixed 2 duplicate /gene - ycfH_1 ycfH_2
[17:14:23] Fixed 2 duplicate /gene - hddC_1 hddC_2
[17:14:23] Fixed 4 duplicate /gene - yehT_1 yehT_2 yehT_3 yehT_4
[17:14:23] Fixed 2 duplicate /gene - uidA_1 uidA_2
[17:14:23] Fixed 4 duplicate /gene - evgS_1 evgS_2 evgS_3 evgS_4
[17:14:23] Fixed 8 duplicate /gene - bglB_1 bglB_2 bglB_3 bglB_4 bglB_5 bglB_6 bglB_7 bglB_8
[17:14:23] Fixed 10 duplicate /gene - atsA_1 atsA_2 atsA_3 atsA_4 atsA_5 atsA_6 atsA_7 atsA_8 atsA_9 atsA_10
[17:14:23] Fixed 2 duplicate /gene - cbiK_1 cbiK_2
[17:14:23] Fixed 2 duplicate /gene - purF_1 purF_2
[17:14:23] Fixed 3 duplicate /gene - ftnA_1 ftnA_2 ftnA_3
[17:14:23] Fixed 2 duplicate /gene - metH_1 metH_2
[17:14:23] Fixed 3 duplicate /gene - axe1-6A_1 axe1-6A_2 axe1-6A_3
[17:14:23] Fixed 2 duplicate /gene - atpE_1 atpE_2
[17:14:23] Fixed 2 duplicate /gene - merA_1 merA_2
[17:14:23] Fixed 4 duplicate /gene - celD_1 celD_2 celD_3 celD_4
[17:14:23] Fixed 2 duplicate /gene - pgaC_1 pgaC_2
[17:14:23] Fixed 2 duplicate /gene - eno_1 eno_2
[17:14:23] Fixed 3 duplicate /gene - wbpA_1 wbpA_2 wbpA_3
[17:14:23] Fixed 2 duplicate /gene - ybdG_1 ybdG_2
[17:14:23] Fixed 4 duplicate /gene - ptpA_1 ptpA_2 ptpA_3 ptpA_4
[17:14:23] Fixed 2 duplicate /gene - fabH_1 fabH_2
[17:14:23] Fixed 2 duplicate /gene - xylA_1 xylA_2
[17:14:23] Fixed 2 duplicate /gene - chuR_1 chuR_2
[17:14:23] Fixed 2 duplicate /gene - purH_1 purH_2
[17:14:23] Fixed 2 duplicate /gene - rsmI_1 rsmI_2
[17:14:23] Fixed 2 duplicate /gene - araC_1 araC_2
[17:14:23] Fixed 2 duplicate /gene - nreC_1 nreC_2
[17:14:23] Fixed 2 duplicate /gene - tadA_1 tadA_2
[17:14:23] Fixed 3 duplicate /gene - fklB_1 fklB_2 fklB_3
[17:14:23] Fixed 2 duplicate /gene - nudC_1 nudC_2
[17:14:23] Fixed 2 duplicate /gene - dapL_1 dapL_2
[17:14:23] Fixed 7 duplicate /gene - bepE_1 bepE_2 bepE_3 bepE_4 bepE_5 bepE_6 bepE_7
[17:14:23] Fixed 2 duplicate /gene - pepD_1 pepD_2
[17:14:23] Fixed 2 duplicate /gene - tolB_1 tolB_2
[17:14:23] Fixed 3 duplicate /gene - ubiG_1 ubiG_2 ubiG_3
[17:14:23] Fixed 2 duplicate /gene - lptD_1 lptD_2
[17:14:23] Fixed 2 duplicate /gene - wecB_1 wecB_2
[17:14:23] Fixed 2 duplicate /gene - yknZ_1 yknZ_2
[17:14:23] Fixed 2 duplicate /gene - mdtB_1 mdtB_2
[17:14:23] Fixed 2 duplicate /gene - corC_1 corC_2
[17:14:23] Fixed 2 duplicate /gene - yxlF_1 yxlF_2
[17:14:23] Fixed 2 duplicate /gene - rimO_1 rimO_2
[17:14:23] Fixed 3 duplicate /gene - xylR_1 xylR_2 xylR_3
[17:14:23] Fixed 2 duplicate /gene - ansA_1 ansA_2
[17:14:23] Fixed 5 duplicate /gene - aspT_1 aspT_2 aspT_3 aspT_4 aspT_5
[17:14:23] Fixed 3 duplicate /gene - phoB_1 phoB_2 phoB_3
[17:14:23] Fixed 2 duplicate /gene - tabA_1 tabA_2
[17:14:23] Fixed 2 duplicate /gene - rfbX_1 rfbX_2
[17:14:23] Fixed 2 duplicate /gene - lolE_1 lolE_2
[17:14:23] Fixed 4 duplicate /gene - tagO_1 tagO_2 tagO_3 tagO_4
[17:14:23] Fixed 2 duplicate /gene - map_1 map_2
[17:14:23] Fixed 19 duplicate /gene - btuB_1 btuB_2 btuB_3 btuB_4 btuB_5 btuB_6 btuB_7 btuB_8 btuB_9 btuB_10 btuB_11 btuB_12 btuB_13 btuB_14 btuB_15 btuB_16 btuB_17 btuB_18 btuB_19
[17:14:23] Fixed 2 duplicate /gene - rluD_1 rluD_2
[17:14:23] Fixed 2 duplicate /gene - uvrA_1 uvrA_2
[17:14:23] Fixed 3 duplicate /gene - era_1 era_2 era_3
[17:14:23] Fixed 3 duplicate /gene - adaA_1 adaA_2 adaA_3
[17:14:23] Fixed 2 duplicate /gene - neuA_1 neuA_2
[17:14:23] Fixed 5 duplicate /gene - mro_1 mro_2 mro_3 mro_4 mro_5
[17:14:23] Fixed 2 duplicate /gene - yehU_1 yehU_2
[17:14:23] Fixed 2 duplicate /gene - clpP_1 clpP_2
[17:14:23] Fixed 3 duplicate /gene - capD_1 capD_2 capD_3
[17:14:23] Fixed 3 duplicate /gene - rbsK_1 rbsK_2 rbsK_3
[17:14:23] Fixed 2 duplicate /gene - yhbU_1 yhbU_2
[17:14:23] Fixed 2 duplicate /gene - gtf1_1 gtf1_2
[17:14:23] Fixed 2 duplicate /gene - ytrA_1 ytrA_2
[17:14:23] Fixed 5 duplicate /gene - topB_1 topB_2 topB_3 topB_4 topB_5
[17:14:23] Fixed 4 duplicate /gene - exo I_1 exo I_2 exo I_3 exo I_4
[17:14:23] Fixed 3 duplicate /gene - soxS_1 soxS_2 soxS_3
[17:14:23] Fixed 10 duplicate /gene - epsJ_1 epsJ_2 epsJ_3 epsJ_4 epsJ_5 epsJ_6 epsJ_7 epsJ_8 epsJ_9 epsJ_10
[17:14:23] Fixed 3 duplicate /gene - ydjH_1 ydjH_2 ydjH_3
[17:14:23] Fixed 2 duplicate /gene - hypBA1_1 hypBA1_2
[17:14:23] Fixed 2 duplicate /gene - mnmG_1 mnmG_2
[17:14:23] Fixed 4 duplicate /gene - xynD_1 xynD_2 xynD_3 xynD_4
[17:14:23] Fixed 2 duplicate /gene - alaS_1 alaS_2
[17:14:23] Fixed 2 duplicate /gene - patB_1 patB_2
[17:14:23] Fixed 5 duplicate /gene - phoR_1 phoR_2 phoR_3 phoR_4 phoR_5
[17:14:23] Fixed 4 duplicate /gene - recQ_1 recQ_2 recQ_3 recQ_4
[17:14:23] Fixed 2 duplicate /gene - rpsA_1 rpsA_2
[17:14:23] Fixed 2 duplicate /gene - hipA_1 hipA_2
[17:14:23] Fixed 3 duplicate /gene - hup_1 hup_2 hup_3
[17:14:23] Fixed 3 duplicate /gene - glcK_1 glcK_2 glcK_3
[17:14:23] Fixed 2 duplicate /gene - ygjK_1 ygjK_2
[17:14:23] Fixed 8 duplicate /gene - rfaH_1 rfaH_2 rfaH_3 rfaH_4 rfaH_5 rfaH_6 rfaH_7 rfaH_8
[17:14:23] Fixed 2 duplicate /gene - guaA_1 guaA_2
[17:14:23] Fixed 3 duplicate /gene - mutS_1 mutS_2 mutS_3
[17:14:23] Fixed 2 duplicate /gene - yusV_1 yusV_2
[17:14:23] Fixed 2 duplicate /gene - lepB_1 lepB_2
[17:14:23] Fixed 2 duplicate /gene - axe7A_1 axe7A_2
[17:14:23] Fixed 4 duplicate /gene - ctpB_1 ctpB_2 ctpB_3 ctpB_4
[17:14:23] Fixed 4 duplicate /gene - rhaS_1 rhaS_2 rhaS_3 rhaS_4
[17:14:23] Fixed 2 duplicate /gene - dtpT_1 dtpT_2
[17:14:23] Fixed 2 duplicate /gene - korA_1 korA_2
[17:14:23] Fixed 2 duplicate /gene - tag_1 tag_2
[17:14:23] Fixed 3 duplicate /gene - mepM_1 mepM_2 mepM_3
[17:14:23] Fixed 2 duplicate /gene - gcdB_1 gcdB_2
[17:14:23] Fixed 2 duplicate /gene - ttgD_1 ttgD_2
[17:14:23] Fixed 2 duplicate /gene - dnaJ_1 dnaJ_2
[17:14:23] Fixed 2 duplicate /gene - xynB_1 xynB_2
[17:14:23] Fixed 2 duplicate /gene - mshA_1 mshA_2
[17:14:23] Fixed 2 duplicate /gene - srpC_1 srpC_2
[17:14:23] Fixed 2 duplicate /gene - hisC_1 hisC_2
[17:14:23] Fixed 11 duplicate /gene - xerC_1 xerC_2 xerC_3 xerC_4 xerC_5 xerC_6 xerC_7 xerC_8 xerC_9 xerC_10 xerC_11
[17:14:23] Fixed 2 duplicate /gene - cmk_1 cmk_2
[17:14:23] Fixed 6 duplicate /gene - ycf3_1 ycf3_2 ycf3_3 ycf3_4 ycf3_5 ycf3_6
[17:14:23] Fixed 2 duplicate /gene - cysK1_1 cysK1_2
[17:14:23] Fixed 2 duplicate /gene - mdtK_1 mdtK_2
[17:14:23] Fixed 3 duplicate /gene - recF_1 recF_2 recF_3
[17:14:23] Fixed 2 duplicate /gene - rpfC_1 rpfC_2
[17:14:23] Fixed 2 duplicate /gene - trpB_1 trpB_2
[17:14:23] Fixed 2 duplicate /gene - mutS2_1 mutS2_2
[17:14:23] Fixed 2 duplicate /gene - asnB_1 asnB_2
[17:14:23] Fixed 6 duplicate /gene - yicI_1 yicI_2 yicI_3 yicI_4 yicI_5 yicI_6
[17:14:23] Fixed 6 duplicate /gene - resA_1 resA_2 resA_3 resA_4 resA_5 resA_6
[17:14:23] Fixed 4 duplicate /gene - rfbB_1 rfbB_2 rfbB_3 rfbB_4
[17:14:23] Fixed 2 duplicate /gene - atpA_1 atpA_2
[17:14:23] Fixed 3 duplicate /gene - macA_1 macA_2 macA_3
[17:14:23] Fixed 6 duplicate /gene - rhaR_1 rhaR_2 rhaR_3 rhaR_4 rhaR_5 rhaR_6
[17:14:23] Fixed 3 duplicate /gene - norM_1 norM_2 norM_3
[17:14:23] Fixed 2 duplicate /gene - gltB_1 gltB_2
[17:14:23] Fixed 2 duplicate /gene - gumH_1 gumH_2
[17:14:23] Fixed 3 duplicate /gene - mdtA_1 mdtA_2 mdtA_3
[17:14:23] Fixed 2 duplicate /gene - cobB_1 cobB_2
[17:14:23] Fixed 2 duplicate /gene - yccM_1 yccM_2
[17:14:23] Fixed 8 duplicate /gene - todS_1 todS_2 todS_3 todS_4 todS_5 todS_6 todS_7 todS_8
[17:14:23] Fixed 2 duplicate /gene - miaA_1 miaA_2
[17:14:23] Fixed 2 duplicate /gene - mdeA_1 mdeA_2
[17:14:23] Fixed 16 duplicate /gene - lacZ_1 lacZ_2 lacZ_3 lacZ_4 lacZ_5 lacZ_6 lacZ_7 lacZ_8 lacZ_9 lacZ_10 lacZ_11 lacZ_12 lacZ_13 lacZ_14 lacZ_15 lacZ_16
[17:14:23] Fixed 2 duplicate /gene - dcp_1 dcp_2
[17:14:23] Fixed 2 duplicate /gene - ccsA_1 ccsA_2
[17:14:23] Fixed 2 duplicate /gene - lcfB_1 lcfB_2
[17:14:23] Fixed 7 duplicate /gene - dnaI_1 dnaI_2 dnaI_3 dnaI_4 dnaI_5 dnaI_6 dnaI_7
[17:14:23] Fixed 2 duplicate /gene - wbbD_1 wbbD_2
[17:14:23] Fixed 5 duplicate /gene - soj_1 soj_2 soj_3 soj_4 soj_5
[17:14:23] Fixed 4 duplicate /gene - pfkA_1 pfkA_2 pfkA_3 pfkA_4
[17:14:23] Fixed 2 duplicate /gene - lysC_1 lysC_2
[17:14:23] Fixed 2 duplicate /gene - glgA_1 glgA_2
[17:14:23] Fixed 2 duplicate /gene - dagK_1 dagK_2
[17:14:23] Fixed 2 duplicate /gene - patA_1 patA_2
[17:14:23] Fixed 2 duplicate /gene - rmlD_1 rmlD_2
[17:14:23] Fixed 3 duplicate /gene - cysE_1 cysE_2 cysE_3
[17:14:23] Fixed 2 duplicate /gene - chrA1_1 chrA1_2
[17:14:23] Fixed 2 duplicate /gene - dnaX_1 dnaX_2
[17:14:23] Fixed 3 duplicate /gene - ispD2_1 ispD2_2 ispD2_3
[17:14:23] Fixed 2 duplicate /gene - atpD_1 atpD_2
[17:14:23] Fixed 3 duplicate /gene - mdtE_1 mdtE_2 mdtE_3
[17:14:23] Fixed 2 duplicate /gene - xylB_1 xylB_2
[17:14:23] Fixed 2 duplicate /gene - spoVD_1 spoVD_2
[17:14:23] Fixed 2 duplicate /gene - rpoE_1 rpoE_2
[17:14:23] Fixed 2 duplicate /gene - xylE_1 xylE_2
[17:14:23] Fixed 2 duplicate /gene - ltrA_1 ltrA_2
[17:14:23] Fixed 3 duplicate /gene - gmd_1 gmd_2 gmd_3
[17:14:23] Fixed 14 duplicate /gene - bglX_1 bglX_2 bglX_3 bglX_4 bglX_5 bglX_6 bglX_7 bglX_8 bglX_9 bglX_10 bglX_11 bglX_12 bglX_13 bglX_14
[17:14:23] Fixed 2 duplicate /gene - emrA_1 emrA_2
[17:14:23] Fixed 3 duplicate /gene - nagB_1 nagB_2 nagB_3
[17:14:23] Fixed 3 duplicate /gene - flr_1 flr_2 flr_3
[17:14:23] Fixed 2 duplicate /gene - bga_1 bga_2
[17:14:23] Fixed 3 duplicate /gene - sglT_1 sglT_2 sglT_3
[17:14:23] Fixed 2 duplicate /gene - ytrE_1 ytrE_2
[17:14:23] Fixed 6 duplicate /gene - fepA_1 fepA_2 fepA_3 fepA_4 fepA_5 fepA_6
[17:14:23] Fixed 3 duplicate /gene - glnA_1 glnA_2 glnA_3
[17:14:23] Fixed 2 duplicate /gene - ogt_1 ogt_2
[17:14:23] Fixed 2 duplicate /gene - lptB_1 lptB_2
[17:14:23] Fixed 2 duplicate /gene - trpE_1 trpE_2
[17:14:23] Fixed 9 duplicate /gene - tmoS_1 tmoS_2 tmoS_3 tmoS_4 tmoS_5 tmoS_6 tmoS_7 tmoS_8 tmoS_9
[17:14:23] Fixed 2 duplicate /gene - pepE_1 pepE_2
[17:14:23] Fixed 2 duplicate /gene - menA_1 menA_2
[17:14:23] Fixed 3 duplicate /gene - dxs_1 dxs_2 dxs_3
[17:14:23] Fixed 2 duplicate /gene - ung_1 ung_2
[17:14:23] Fixed 3 duplicate /gene - ybhR_1 ybhR_2 ybhR_3
[17:14:23] Fixed 2 duplicate /gene - lpxA_1 lpxA_2
[17:14:23] Fixed 2 duplicate /gene - ramA_1 ramA_2
[17:14:23] Fixed 2 duplicate /gene - mdh_1 mdh_2
[17:14:23] Fixed 3 duplicate /gene - manA_1 manA_2 manA_3
[17:14:23] Fixed 3 duplicate /gene - bamA_1 bamA_2 bamA_3
[17:14:23] Fixed 2 duplicate /gene - dnaC_1 dnaC_2
[17:14:23] Fixed 5 duplicate /gene - wbpI_1 wbpI_2 wbpI_3 wbpI_4 wbpI_5
[17:14:23] Fixed 4 duplicate /gene - sigH_1 sigH_2 sigH_3 sigH_4
[17:14:23] Fixed 273 colliding /gene names.
[17:14:23] Adding /locus_tag identifiers
[17:14:23] Assigned 3942 locus_tags to CDS and RNA features.
[17:14:23] Writing outputs to reference_strain/
[17:14:45] Generating annotation statistics file
[17:14:45] Generating Genbank and Sequin files
[17:14:45] Running: tbl2asn -V b -a r10k -l paired-ends -M n -N 1 -y 'Annotated using prokka 1.11 from http://www.vicbioinformatics.com' -Z reference_strain\/ATCC\.8492\.err -i reference_strain\/ATCC\.8492\.fsa 2> /dev/null
[17:15:16] Deleting unwanted file: reference_strain/errorsummary.val
[17:15:16] Deleting unwanted file: reference_strain/ATCC.8492.dr
[17:15:16] Deleting unwanted file: reference_strain/ATCC.8492.fixedproducts
[17:15:16] Deleting unwanted file: reference_strain/ATCC.8492.ecn
[17:15:16] Deleting unwanted file: reference_strain/ATCC.8492.val
[17:15:16] Repairing broken .GBK output that tbl2asn produces...
[17:15:16] Running: sed 's/COORDINATES: profile/COORDINATES:profile/' < reference_strain\/ATCC\.8492\.gbf > reference_strain\/ATCC\.8492\.gbk
[17:15:17] Deleting unwanted file: reference_strain/ATCC.8492.gbf
[17:15:17] Output files:
[17:15:17] reference_strain/ATCC.8492.fsa
[17:15:17] reference_strain/ATCC.8492.faa
[17:15:17] reference_strain/ATCC.8492.ffn
[17:15:17] reference_strain/ATCC.8492.log
[17:15:17] reference_strain/ATCC.8492.gbk
[17:15:17] reference_strain/ATCC.8492.sqn
[17:15:17] reference_strain/ATCC.8492.tbl
[17:15:17] reference_strain/ATCC.8492.gff
[17:15:17] reference_strain/ATCC.8492.err
[17:15:17] reference_strain/ATCC.8492.fna
[17:15:17] reference_strain/ATCC.8492.txt
[17:15:17] Walltime used: 3.73 minutes
[17:15:17] If you use this result please cite the Prokka paper:
[17:15:17] Seemann T (2014) Prokka: rapid prokaryotic genome annotation. Bioinformatics. 30(14):2068-9.
[17:15:17] Type 'prokka --citation' for more details.
[17:15:17] Thank you, come again.
